<?xml version="1.0" encoding="UTF-8"?>
<!-- Generated by org.testng.reporters.JUnitReportReporter -->
<testsuite hostname="DESKTOP-2F27QMJ" failures="0" tests="2" name="Staging.com.cybex.TestCases.CybexHomePageTest" time="30.774" errors="0" timestamp="03 Mar 2022 13:54:33 GMT" skipped="1">
  <testcase classname="Staging.com.cybex.TestCases.CybexHomePageTest" name="Login_To_Application" time="30.774"/>
  <testcase classname="Staging.com.cybex.TestCases.CybexHomePageTest" name="Logout_from_The_Application">
    <skipped/>
  </testcase> <!-- Logout_from_The_Application -->
</testsuite> <!-- Staging.com.cybex.TestCases.CybexHomePageTest -->
